<?xml version="1.0" encoding="UTF-8"?>
<!-- Generated by org.testng.reporters.JUnitXMLReporter -->
<testsuite hostname="DESKTOP-71NK5AF" ignored="0" name="Default test(failed)" tests="6" failures="0" timestamp="21 Sep 2019 17:19:04 GMT" time="4.993" errors="0">
  <testcase name="@BeforeClass setUp" time="3.607" classname="com.webappsecurity.tests.TestBase">
    <failure type="org.openqa.selenium.SessionNotCreatedException" message="session not created: This version of ChromeDriver only supports Chrome version 75
Build info: version: &amp;apos;3.141.59&amp;apos;, revision: &amp;apos;e82be7d358&amp;apos;, time: &amp;apos;2018-11-14T08:25:48&amp;apos;
System info: host: &amp;apos;DESKTOP-71NK5AF&amp;apos;, ip: &amp;apos;192.168.0.11&amp;apos;, os.name: &amp;apos;Windows 10&amp;apos;, os.arch: &amp;apos;amd64&amp;apos;, os.version: &amp;apos;10.0&amp;apos;, java.version: &amp;apos;1.8.0_211&amp;apos;
Driver info: driver.version: ChromeDriver
remote stacktrace: Backtrace:
	Ordinal0 [0x00BF1B43+1448771]
	Ordinal0 [0x00B75A31+940593]
	Ordinal0 [0x00B02293+467603]
	Ordinal0 [0x00A9F27E+62078]
	Ordinal0 [0x00A9BBBD+48061]
	Ordinal0 [0x00AB8D09+167177]
	Ordinal0 [0x00AB88DD+166109]
	Ordinal0 [0x00AB6FEB+159723]
	Ordinal0 [0x00AA09F6+68086]
	Ordinal0 [0x00AA1990+72080]
	Ordinal0 [0x00AA1929+71977]
	GetHandleVerifier [0x00D32E8C+1172172]
	GetHandleVerifier [0x00C8FE55+504469]
	GetHandleVerifier [0x00C8FBF0+503856]
	Ordinal0 [0x00BFC9C8+1493448]
	GetHandleVerifier [0x00C9062A+506474]
	Ordinal0 [0x00B87156+1012054]
	Ordinal0 [0x00B86FCF+1011663]
	Ordinal0 [0x00B9135B+1053531]
	Ordinal0 [0x00B914C3+1053891]
	Ordinal0 [0x00B904F5+1049845]
	BaseThreadInitThunk [0x76FD0419+25]
	RtlGetAppContainerNamedObjectPath [0x77C7662D+237]
	RtlGetAppContainerNamedObjectPath [0x77C765FD+189]
">
      <![CDATA[org.openqa.selenium.SessionNotCreatedException: session not created: This version of ChromeDriver only supports Chrome version 75
Build info: version: '3.141.59', revision: 'e82be7d358', time: '2018-11-14T08:25:48'
System info: host: 'DESKTOP-71NK5AF', ip: '192.168.0.11', os.name: 'Windows 10', os.arch: 'amd64', os.version: '10.0', java.version: '1.8.0_211'
Driver info: driver.version: ChromeDriver
remote stacktrace: Backtrace:
Ordinal0 [0x00BF1B43+1448771]
Ordinal0 [0x00B75A31+940593]
Ordinal0 [0x00B02293+467603]
Ordinal0 [0x00A9F27E+62078]
Ordinal0 [0x00A9BBBD+48061]
Ordinal0 [0x00AB8D09+167177]
Ordinal0 [0x00AB88DD+166109]
Ordinal0 [0x00AB6FEB+159723]
Ordinal0 [0x00AA09F6+68086]
Ordinal0 [0x00AA1990+72080]
Ordinal0 [0x00AA1929+71977]
GetHandleVerifier [0x00D32E8C+1172172]
GetHandleVerifier [0x00C8FE55+504469]
GetHandleVerifier [0x00C8FBF0+503856]
Ordinal0 [0x00BFC9C8+1493448]
GetHandleVerifier [0x00C9062A+506474]
Ordinal0 [0x00B87156+1012054]
Ordinal0 [0x00B86FCF+1011663]
Ordinal0 [0x00B9135B+1053531]
Ordinal0 [0x00B914C3+1053891]
Ordinal0 [0x00B904F5+1049845]
BaseThreadInitThunk [0x76FD0419+25]
RtlGetAppContainerNamedObjectPath [0x77C7662D+237]
RtlGetAppContainerNamedObjectPath [0x77C765FD+189]

at org.openqa.selenium.remote.W3CHandshakeResponse.lambda$errorHandler$0(W3CHandshakeResponse.java:62)
at org.openqa.selenium.remote.HandshakeResponse.lambda$getResponseFunction$0(HandshakeResponse.java:30)
at org.openqa.selenium.remote.ProtocolHandshake.lambda$createSession$0(ProtocolHandshake.java:126)
at java.util.stream.ReferencePipeline$3$1.accept(ReferencePipeline.java:193)
at java.util.Spliterators$ArraySpliterator.tryAdvance(Spliterators.java:958)
at java.util.stream.ReferencePipeline.forEachWithCancel(ReferencePipeline.java:126)
at java.util.stream.AbstractPipeline.copyIntoWithCancel(AbstractPipeline.java:498)
at java.util.stream.AbstractPipeline.copyInto(AbstractPipeline.java:485)
at java.util.stream.AbstractPipeline.wrapAndCopyInto(AbstractPipeline.java:471)
at java.util.stream.FindOps$FindOp.evaluateSequential(FindOps.java:152)
at java.util.stream.AbstractPipeline.evaluate(AbstractPipeline.java:234)
at java.util.stream.ReferencePipeline.findFirst(ReferencePipeline.java:464)
at org.openqa.selenium.remote.ProtocolHandshake.createSession(ProtocolHandshake.java:128)
at org.openqa.selenium.remote.ProtocolHandshake.createSession(ProtocolHandshake.java:74)
at org.openqa.selenium.remote.HttpCommandExecutor.execute(HttpCommandExecutor.java:136)
at org.openqa.selenium.remote.service.DriverCommandExecutor.execute(DriverCommandExecutor.java:83)
at org.openqa.selenium.remote.RemoteWebDriver.execute(RemoteWebDriver.java:552)
at org.openqa.selenium.remote.RemoteWebDriver.startSession(RemoteWebDriver.java:213)
at org.openqa.selenium.remote.RemoteWebDriver.<init>(RemoteWebDriver.java:131)
at org.openqa.selenium.chrome.ChromeDriver.<init>(ChromeDriver.java:181)
at org.openqa.selenium.chrome.ChromeDriver.<init>(ChromeDriver.java:168)
at org.openqa.selenium.chrome.ChromeDriver.<init>(ChromeDriver.java:123)
at utils.BrowserFactory.chooseBrowser(BrowserFactory.java:18)
at com.webappsecurity.tests.TestBase.setUp(TestBase.java:49)
... Removed 30 stack frames]]>
    </failure>
  </testcase> <!-- @BeforeClass setUp -->
  <testcase name="@AfterClass exit" time="0.0" classname="com.webappsecurity.tests.AccountActivityTest">
    <skipped/>
  </testcase> <!-- @AfterClass exit -->
  <testcase name="initialize" time="0.0" classname="com.webappsecurity.tests.AccountActivityTest">
    <skipped/>
  </testcase> <!-- initialize -->
  <testcase name="adddata" time="0.0" classname="com.webappsecurity.tests.AccountActivityTest">
    <skipped/>
  </testcase> <!-- adddata -->
  <testcase name="verify_date" time="0.0" classname="com.webappsecurity.tests.AccountActivityTest">
    <skipped/>
  </testcase> <!-- verify_date -->
  <testcase name="verify_description" time="0.0" classname="com.webappsecurity.tests.AccountActivityTest">
    <skipped/>
  </testcase> <!-- verify_description -->
  <testcase name="verify_amount" time="0.0" classname="com.webappsecurity.tests.AccountActivityTest">
    <skipped/>
  </testcase> <!-- verify_amount -->
  <testcase name="verify_typeoftrans" time="0.0" classname="com.webappsecurity.tests.AccountActivityTest">
    <skipped/>
  </testcase> <!-- verify_typeoftrans -->
</testsuite> <!-- Default test(failed) -->
