<?xml version="1.0" encoding="UTF-8"?>
<testng-results skipped="0" failed="1" ignored="0" total="7" passed="6">
  <reporter-output>
  </reporter-output>
  <suite name="Default suite" duration-ms="76781" started-at="2019-09-23T21:03:46Z" finished-at="2019-09-23T21:05:03Z">
    <groups>
    </groups>
    <test name="Default test" duration-ms="76781" started-at="2019-09-23T21:03:46Z" finished-at="2019-09-23T21:05:03Z">
      <class name="com.webappsecurity.tests.AccountActivityTest">
        <test-method status="PASS" signature="setUp()[pri:0, instance:com.webappsecurity.tests.AccountActivityTest@74650e52]" name="setUp" is-config="true" duration-ms="5663" started-at="2019-09-23T21:03:47Z" finished-at="2019-09-23T21:03:52Z">
          <reporter-output>
          </reporter-output>
        </test-method> <!-- setUp -->
        <test-method status="PASS" signature="initialize()[pri:0, instance:com.webappsecurity.tests.AccountActivityTest@74650e52]" name="initialize" is-config="true" duration-ms="5394" started-at="2019-09-23T21:03:52Z" finished-at="2019-09-23T21:03:58Z">
          <reporter-output>
          </reporter-output>
        </test-method> <!-- initialize -->
        <test-method status="PASS" signature="adddata(java.lang.String, java.lang.String, java.lang.String, java.lang.String, java.lang.String, java.lang.String, java.lang.String, java.lang.String)[pri:1, instance:com.webappsecurity.tests.AccountActivityTest@74650e52]" name="adddata" duration-ms="24884" started-at="2019-09-23T21:03:58Z" data-provider="adddata" finished-at="2019-09-23T21:04:23Z">
          <params>
            <param index="0">
              <value>
                <![CDATA[OFFICE SUPPLY]]>
              </value>
            </param>
            <param index="1">
              <value>
                <![CDATA[5]]>
              </value>
            </param>
            <param index="2">
              <value>
                <![CDATA[September 2012]]>
              </value>
            </param>
            <param index="3">
              <value>
                <![CDATA[5]]>
              </value>
            </param>
            <param index="4">
              <value>
                <![CDATA[November 2018]]>
              </value>
            </param>
            <param index="5">
              <value>
                <![CDATA[0]]>
              </value>
            </param>
            <param index="6">
              <value>
                <![CDATA[3000]]>
              </value>
            </param>
            <param index="7">
              <value>
                <![CDATA[Withdrawal]]>
              </value>
            </param>
          </params>
          <reporter-output>
          </reporter-output>
        </test-method> <!-- adddata -->
        <test-method status="PASS" signature="adddata(java.lang.String, java.lang.String, java.lang.String, java.lang.String, java.lang.String, java.lang.String, java.lang.String, java.lang.String)[pri:1, instance:com.webappsecurity.tests.AccountActivityTest@74650e52]" name="adddata" duration-ms="19284" started-at="2019-09-23T21:04:23Z" data-provider="adddata" finished-at="2019-09-23T21:04:43Z">
          <params>
            <param index="0">
              <value>
                <![CDATA[]]>
              </value>
            </param>
            <param index="1">
              <value>
                <![CDATA[6]]>
              </value>
            </param>
            <param index="2">
              <value>
                <![CDATA[September 2012]]>
              </value>
            </param>
            <param index="3">
              <value>
                <![CDATA[5]]>
              </value>
            </param>
            <param index="4">
              <value>
                <![CDATA[September 2016]]>
              </value>
            </param>
            <param index="5">
              <value>
                <![CDATA[]]>
              </value>
            </param>
            <param index="6">
              <value>
                <![CDATA[]]>
              </value>
            </param>
            <param index="7">
              <value>
                <![CDATA[Withdrawal]]>
              </value>
            </param>
          </params>
          <reporter-output>
          </reporter-output>
        </test-method> <!-- adddata -->
        <test-method status="PASS" signature="adddata(java.lang.String, java.lang.String, java.lang.String, java.lang.String, java.lang.String, java.lang.String, java.lang.String, java.lang.String)[pri:1, instance:com.webappsecurity.tests.AccountActivityTest@74650e52]" name="adddata" duration-ms="18065" started-at="2019-09-23T21:04:43Z" data-provider="adddata" finished-at="2019-09-23T21:05:01Z">
          <params>
            <param index="0">
              <value>
                <![CDATA[]]>
              </value>
            </param>
            <param index="1">
              <value>
                <![CDATA[5]]>
              </value>
            </param>
            <param index="2">
              <value>
                <![CDATA[August 2012]]>
              </value>
            </param>
            <param index="3">
              <value>
                <![CDATA[7]]>
              </value>
            </param>
            <param index="4">
              <value>
                <![CDATA[November 2015]]>
              </value>
            </param>
            <param index="5">
              <value>
                <![CDATA[100]]>
              </value>
            </param>
            <param index="6">
              <value>
                <![CDATA[5000]]>
              </value>
            </param>
            <param index="7">
              <value>
                <![CDATA[Deposit]]>
              </value>
            </param>
          </params>
          <reporter-output>
          </reporter-output>
        </test-method> <!-- adddata -->
        <test-method status="FAIL" signature="verify_description()[pri:2, instance:com.webappsecurity.tests.AccountActivityTest@74650e52]" name="verify_description" duration-ms="49" started-at="2019-09-23T21:05:01Z" finished-at="2019-09-23T21:05:01Z">
          <exception class="java.lang.AssertionError">
            <message>
              <![CDATA[Description is not entered or is not matching expected [true] but found [false]]]>
            </message>
            <full-stacktrace>
              <![CDATA[java.lang.AssertionError: Description is not entered or is not matching expected [true] but found [false]
at org.testng.Assert.fail(Assert.java:96)
at org.testng.Assert.failNotEquals(Assert.java:776)
at org.testng.Assert.assertTrue(Assert.java:44)
at com.webappsecurity.tests.AccountActivityTest.verify_description(AccountActivityTest.java:53)
at sun.reflect.NativeMethodAccessorImpl.invoke0(Native Method)
at sun.reflect.NativeMethodAccessorImpl.invoke(NativeMethodAccessorImpl.java:62)
at sun.reflect.DelegatingMethodAccessorImpl.invoke(DelegatingMethodAccessorImpl.java:43)
at java.lang.reflect.Method.invoke(Method.java:498)
at org.testng.internal.MethodInvocationHelper.invokeMethod(MethodInvocationHelper.java:124)
at org.testng.internal.Invoker.invokeMethod(Invoker.java:583)
at org.testng.internal.Invoker.invokeTestMethod(Invoker.java:719)
at org.testng.internal.Invoker.invokeTestMethods(Invoker.java:989)
at org.testng.internal.TestMethodWorker.invokeTestMethods(TestMethodWorker.java:125)
at org.testng.internal.TestMethodWorker.run(TestMethodWorker.java:109)
at org.testng.TestRunner.privateRun(TestRunner.java:648)
at org.testng.TestRunner.run(TestRunner.java:505)
at org.testng.SuiteRunner.runTest(SuiteRunner.java:455)
at org.testng.SuiteRunner.runSequentially(SuiteRunner.java:450)
at org.testng.SuiteRunner.privateRun(SuiteRunner.java:415)
at org.testng.SuiteRunner.run(SuiteRunner.java:364)
at org.testng.SuiteRunnerWorker.runSuite(SuiteRunnerWorker.java:52)
at org.testng.SuiteRunnerWorker.run(SuiteRunnerWorker.java:84)
at org.testng.TestNG.runSuitesSequentially(TestNG.java:1208)
at org.testng.TestNG.runSuitesLocally(TestNG.java:1137)
at org.testng.TestNG.runSuites(TestNG.java:1049)
at org.testng.TestNG.run(TestNG.java:1017)
at org.testng.remote.AbstractRemoteTestNG.run(AbstractRemoteTestNG.java:115)
at org.testng.remote.RemoteTestNG.initAndRun(RemoteTestNG.java:251)
at org.testng.remote.RemoteTestNG.main(RemoteTestNG.java:77)
]]>
            </full-stacktrace>
          </exception> <!-- java.lang.AssertionError -->
          <reporter-output>
          </reporter-output>
        </test-method> <!-- verify_description -->
        <test-method status="PASS" signature="verify_date()[pri:3, instance:com.webappsecurity.tests.AccountActivityTest@74650e52]" name="verify_date" duration-ms="96" started-at="2019-09-23T21:05:01Z" finished-at="2019-09-23T21:05:01Z">
          <reporter-output>
          </reporter-output>
        </test-method> <!-- verify_date -->
        <test-method status="PASS" signature="verify_amount()[pri:4, instance:com.webappsecurity.tests.AccountActivityTest@74650e52]" name="verify_amount" duration-ms="40" started-at="2019-09-23T21:05:01Z" finished-at="2019-09-23T21:05:01Z">
          <reporter-output>
          </reporter-output>
        </test-method> <!-- verify_amount -->
        <test-method status="PASS" signature="verify_typeoftrans()[pri:5, instance:com.webappsecurity.tests.AccountActivityTest@74650e52]" name="verify_typeoftrans" duration-ms="154" started-at="2019-09-23T21:05:01Z" finished-at="2019-09-23T21:05:01Z">
          <reporter-output>
          </reporter-output>
        </test-method> <!-- verify_typeoftrans -->
        <test-method status="PASS" signature="exit()[pri:0, instance:com.webappsecurity.tests.AccountActivityTest@74650e52]" name="exit" is-config="true" duration-ms="2083" started-at="2019-09-23T21:05:01Z" finished-at="2019-09-23T21:05:03Z">
          <reporter-output>
          </reporter-output>
        </test-method> <!-- exit -->
      </class> <!-- com.webappsecurity.tests.AccountActivityTest -->
    </test> <!-- Default test -->
  </suite> <!-- Default suite -->
</testng-results>
